<?xml version="1.0" encoding="utf-8"?><testsuites name="pytest tests"><testsuite name="pytest" errors="0" failures="0" skipped="0" tests="21" time="17.828" timestamp="2026-04-06T20:51:02.227959+00:00" hostname="agent-env-7c74f4b3-1911-4285-b7d5-2e3de0249f44"><testcase classname="backend.tests.test_iteration4_new_features.TestCameraFeedConfig" name="test_camera_feeds_endpoint_returns_200" time="1.990" /><testcase classname="backend.tests.test_iteration4_new_features.TestCameraFeedConfig" name="test_camera_feeds_returns_rover_url" time="0.532" /><testcase classname="backend.tests.test_iteration4_new_features.TestCameraFeedConfig" name="test_camera_feeds_returns_drone_url" time="0.434" /><testcase classname="backend.tests.test_iteration4_new_features.TestChatMode" name="test_chat_mode_endpoint_returns_200" time="0.420" /><testcase classname="backend.tests.test_iteration4_new_features.TestChatMode" name="test_chat_mode_returns_gemini_when_ollama_empty" time="0.399" /><testcase classname="backend.tests.test_iteration4_new_features.TestChatMode" name="test_chat_mode_ollama_url_is_null" time="0.417" /><testcase classname="backend.tests.test_iteration4_new_features.TestCropPrediction" name="test_crop_predict_returns_200" time="1.146" /><testcase classname="backend.tests.test_iteration4_new_features.TestCropPrediction" name="test_crop_predict_returns_crop_name" time="1.075" /><testcase classname="backend.tests.test_iteration4_new_features.TestCropPrediction" name="test_crop_predict_returns_confidence" time="1.061" /><testcase classname="backend.tests.test_iteration4_new_features.TestCropPrediction" name="test_crop_predict_returns_top_3" time="1.068" /><testcase classname="backend.tests.test_iteration4_new_features.TestCropPrediction" name="test_crop_predict_returns_model_type" time="1.116" /><testcase classname="backend.tests.test_iteration4_new_features.TestAuthentication" name="test_login_with_valid_credentials" time="0.654" /><testcase classname="backend.tests.test_iteration4_new_features.TestAuthentication" name="test_login_returns_user_info" time="0.655" /><testcase classname="backend.tests.test_iteration4_new_features.TestAuthentication" name="test_login_with_invalid_credentials" time="0.420" /><testcase classname="backend.tests.test_iteration4_new_features.TestDashboardData" name="test_sensors_latest_returns_200" time="1.114" /><testcase classname="backend.tests.test_iteration4_new_features.TestDashboardData" name="test_sensors_latest_returns_data" time="1.072" /><testcase classname="backend.tests.test_iteration4_new_features.TestDashboardData" name="test_irrigation_predict_returns_200" time="1.168" /><testcase classname="backend.tests.test_iteration4_new_features.TestSidebarNavigation" name="test_zones_endpoint" time="1.072" /><testcase classname="backend.tests.test_iteration4_new_features.TestSidebarNavigation" name="test_analytics_water_endpoint" time="1.083" /><testcase classname="backend.tests.test_iteration4_new_features.TestSidebarNavigation" name="test_mandi_states_endpoint" time="0.434" /><testcase classname="backend.tests.test_iteration4_new_features.TestSidebarNavigation" name="test_market_trends_endpoint" time="0.430" /></testsuite></testsuites>