<?xml version="1.0" encoding="utf-8"?><testsuites name="pytest tests"><testsuite name="pytest" errors="0" failures="0" skipped="0" tests="9" time="8.065" timestamp="2026-03-19T22:28:23.313335+00:00" hostname="agent-env-f79009b9-cdd8-4c65-8c6f-991f050409a6"><testcase classname="tests.test_ml_models_iteration2.TestMLIrrigationModel" name="test_irrigation_predict_returns_ml_model_type" time="1.359" /><testcase classname="tests.test_ml_models_iteration2.TestMLIrrigationModel" name="test_irrigation_predict_confidence_in_range" time="0.542" /><testcase classname="tests.test_ml_models_iteration2.TestMLIrrigationModel" name="test_irrigation_predict_water_quantity_positive" time="0.443" /><testcase classname="tests.test_ml_models_iteration2.TestDroneImageProcessing" name="test_drone_upload_returns_zones" time="1.462" /><testcase classname="tests.test_ml_models_iteration2.TestDroneImageProcessing" name="test_drone_upload_returns_segmented_image" time="1.314" /><testcase classname="tests.test_ml_models_iteration2.TestWebSocketEndpoint" name="test_websocket_ping_pong_via_internal" time="0.458" /><testcase classname="tests.test_ml_models_iteration2.TestDashboardBadgeRefresh" name="test_sensors_latest_returns_data" time="0.458" /><testcase classname="tests.test_ml_models_iteration2.TestDashboardBadgeRefresh" name="test_multiple_rapid_requests" time="1.353" /><testcase classname="tests.test_ml_models_iteration2.TestFullIrrigationPredictResponse" name="test_full_prediction_response" time="0.457" /></testsuite></testsuites>