<?xml version="1.0" encoding="utf-8"?><testsuites name="pytest tests"><testsuite name="pytest" errors="0" failures="0" skipped="0" tests="14" time="15.416" timestamp="2026-04-06T20:18:29.936429+00:00" hostname="agent-env-f79009b9-cdd8-4c65-8c6f-991f050409a6"><testcase classname="backend.tests.test_krishi_rakshak_iteration3.TestCropPrediction" name="test_crop_predict_returns_recommendation" time="2.459" /><testcase classname="backend.tests.test_krishi_rakshak_iteration3.TestYieldPrediction" name="test_yield_predict_returns_yield" time="0.115" /><testcase classname="backend.tests.test_krishi_rakshak_iteration3.TestMandiPricing" name="test_mandi_states_returns_array" time="0.082" /><testcase classname="backend.tests.test_krishi_rakshak_iteration3.TestMandiPricing" name="test_mandi_districts_returns_array" time="0.081" /><testcase classname="backend.tests.test_krishi_rakshak_iteration3.TestMandiPricing" name="test_mandi_prices_returns_commodities" time="0.080" /><testcase classname="backend.tests.test_krishi_rakshak_iteration3.TestMarketTrends" name="test_market_trends_returns_history_and_predictions" time="0.094" /><testcase classname="backend.tests.test_krishi_rakshak_iteration3.TestEquipmentRental" name="test_equipment_search_returns_array" time="0.077" /><testcase classname="backend.tests.test_krishi_rakshak_iteration3.TestEquipmentRental" name="test_equipment_list_creates_listing" time="0.133" /><testcase classname="backend.tests.test_krishi_rakshak_iteration3.TestEquipmentRental" name="test_equipment_search_with_filters" time="0.096" /><testcase classname="backend.tests.test_krishi_rakshak_iteration3.TestFinancialSupport" name="test_finance_schemes_returns_central_and_state" time="0.075" /><testcase classname="backend.tests.test_krishi_rakshak_iteration3.TestFinancialSupport" name="test_finance_insurance_returns_options" time="0.091" /><testcase classname="backend.tests.test_krishi_rakshak_iteration3.TestChatbot" name="test_chat_returns_ai_response" time="0.939" /><testcase classname="backend.tests.test_krishi_rakshak_iteration3.TestRoverAnalysis" name="test_rover_analyze_frame_returns_analysis" time="10.872" /><testcase classname="backend.tests.test_krishi_rakshak_iteration3.TestHealthCheck" name="test_api_root_returns_operational" time="0.139" /></testsuite></testsuites>