<?xml version="1.0" encoding="utf-8"?><testsuites name="pytest tests"><testsuite name="pytest" errors="0" failures="0" skipped="0" tests="22" time="11.321" timestamp="2026-04-06T21:17:32.469203+00:00" hostname="agent-env-7c74f4b3-1911-4285-b7d5-2e3de0249f44"><testcase classname="tests.test_iteration5_refactored_api.TestAuth" name="test_login_success" time="0.848" /><testcase classname="tests.test_iteration5_refactored_api.TestAuth" name="test_login_invalid_credentials" time="0.371" /><testcase classname="tests.test_iteration5_refactored_api.TestFarms" name="test_get_farms_auto_creates_default" time="0.966" /><testcase classname="tests.test_iteration5_refactored_api.TestFarms" name="test_create_farm" time="0.725" /><testcase classname="tests.test_iteration5_refactored_api.TestFarms" name="test_delete_non_default_farm" time="0.730" /><testcase classname="tests.test_iteration5_refactored_api.TestFarms" name="test_set_default_farm" time="1.094" /><testcase classname="tests.test_iteration5_refactored_api.TestReports" name="test_historical_report" time="0.484" /><testcase classname="tests.test_iteration5_refactored_api.TestReports" name="test_irrigation_history" time="0.364" /><testcase classname="tests.test_iteration5_refactored_api.TestReports" name="test_water_efficiency" time="0.363" /><testcase classname="tests.test_iteration5_refactored_api.TestConfig" name="test_get_settings" time="0.366" /><testcase classname="tests.test_iteration5_refactored_api.TestConfig" name="test_update_settings" time="0.740" /><testcase classname="tests.test_iteration5_refactored_api.TestConfig" name="test_get_camera_feeds" time="0.361" /><testcase classname="tests.test_iteration5_refactored_api.TestSensors" name="test_get_latest_sensors" time="0.421" /><testcase classname="tests.test_iteration5_refactored_api.TestSensors" name="test_get_sensor_history" time="0.365" /><testcase classname="tests.test_iteration5_refactored_api.TestIrrigation" name="test_irrigation_predict" time="0.463" /><testcase classname="tests.test_iteration5_refactored_api.TestIrrigation" name="test_get_zones" time="0.373" /><testcase classname="tests.test_iteration5_refactored_api.TestIrrigation" name="test_get_schedule" time="0.363" /><testcase classname="tests.test_iteration5_refactored_api.TestIrrigation" name="test_get_alerts" time="0.366" /><testcase classname="tests.test_iteration5_refactored_api.TestChat" name="test_get_chat_mode" time="0.369" /><testcase classname="tests.test_iteration5_refactored_api.TestCropPrediction" name="test_crop_predict" time="0.374" /><testcase classname="tests.test_iteration5_refactored_api.TestAnalytics" name="test_water_analytics" time="0.366" /><testcase classname="tests.test_iteration5_refactored_api.TestRoot" name="test_api_root" time="0.362" /></testsuite></testsuites>