<?xml version="1.0" encoding="utf-8"?><testsuites name="pytest tests"><testsuite name="pytest" errors="0" failures="0" skipped="0" tests="13" time="12.200" timestamp="2026-03-19T21:58:52.405899+00:00" hostname="agent-env-f79009b9-cdd8-4c65-8c6f-991f050409a6"><testcase classname="tests.test_aquasense_api.TestHealthCheck" name="test_api_root_returns_operational" time="0.559" /><testcase classname="tests.test_aquasense_api.TestAuthentication" name="test_login_with_valid_credentials" time="0.653" /><testcase classname="tests.test_aquasense_api.TestAuthentication" name="test_login_with_invalid_credentials" time="0.407" /><testcase classname="tests.test_aquasense_api.TestSensorEndpoints" name="test_get_latest_sensor_data" time="1.092" /><testcase classname="tests.test_aquasense_api.TestSensorEndpoints" name="test_get_sensor_history" time="1.124" /><testcase classname="tests.test_aquasense_api.TestIrrigationPrediction" name="test_get_irrigation_prediction" time="1.034" /><testcase classname="tests.test_aquasense_api.TestZonesEndpoint" name="test_get_zones_returns_array" time="1.040" /><testcase classname="tests.test_aquasense_api.TestAlertsEndpoint" name="test_get_alerts_returns_array" time="1.046" /><testcase classname="tests.test_aquasense_api.TestScheduleEndpoint" name="test_get_schedule_returns_array" time="1.035" /><testcase classname="tests.test_aquasense_api.TestWaterAnalytics" name="test_get_water_analytics" time="1.016" /><testcase classname="tests.test_aquasense_api.TestDroneEndpoint" name="test_get_drone_latest" time="1.022" /><testcase classname="tests.test_aquasense_api.TestAdvancedAnalytics" name="test_get_advanced_analytics" time="1.056" /><testcase classname="tests.test_aquasense_api.TestAdvancedAnalytics" name="test_get_irrigation_patterns" time="1.047" /></testsuite></testsuites>